<?xml version="1.0" encoding="UTF-8"?>
<!-- Generated by org.testng.reporters.JUnitReportReporter -->
<testsuite hostname="LAPTOP-89KAFAM3" failures="0" tests="9" name="com.jenkinspipeline.business.test.ModuleLoginTest" time="0.018" errors="0" timestamp="2025-05-21T15:40:40 IST" skipped="0">
  <testcase classname="com.jenkinspipeline.business.test.ModuleLoginTest" name="test9" time="0.001">
    <system-out>
      <![CDATA[Executing Test9]]>
    </system-out>
  </testcase> <!-- test9 -->
  <testcase classname="com.jenkinspipeline.business.test.ModuleLoginTest" name="test5" time="0.002">
    <system-out>
      <![CDATA[Executing Test5]]>
    </system-out>
  </testcase> <!-- test5 -->
  <testcase classname="com.jenkinspipeline.business.test.ModuleLoginTest" name="test6" time="0.001">
    <system-out>
      <![CDATA[Executing Test6]]>
    </system-out>
  </testcase> <!-- test6 -->
  <testcase classname="com.jenkinspipeline.business.test.ModuleLoginTest" name="test1" time="0.008">
    <system-out>
      <![CDATA[Executing Test1]]>
    </system-out>
  </testcase> <!-- test1 -->
  <testcase classname="com.jenkinspipeline.business.test.ModuleLoginTest" name="test2" time="0.002">
    <system-out>
      <![CDATA[Executing Test2]]>
    </system-out>
  </testcase> <!-- test2 -->
  <testcase classname="com.jenkinspipeline.business.test.ModuleLoginTest" name="test3" time="0.001">
    <system-out>
      <![CDATA[Executing Test3]]>
    </system-out>
  </testcase> <!-- test3 -->
  <testcase classname="com.jenkinspipeline.business.test.ModuleLoginTest" name="test7" time="0.001">
    <system-out>
      <![CDATA[Executing Test7]]>
    </system-out>
  </testcase> <!-- test7 -->
  <testcase classname="com.jenkinspipeline.business.test.ModuleLoginTest" name="test8" time="0.001">
    <system-out>
      <![CDATA[Executing Test8]]>
    </system-out>
  </testcase> <!-- test8 -->
  <testcase classname="com.jenkinspipeline.business.test.ModuleLoginTest" name="test4" time="0.001">
    <system-out>
      <![CDATA[Executing Test4]]>
    </system-out>
  </testcase> <!-- test4 -->
  <system-out>
    <![CDATA[Executing Test1
Executing Test2
Executing Test3
Executing Test4
Executing Test5
Executing Test6
Executing Test7
Executing Test8
Executing Test9]]>
  </system-out>
</testsuite> <!-- com.jenkinspipeline.business.test.ModuleLoginTest -->
